<?xml version="1.0" encoding="UTF-8"?>
<!-- Generated by org.testng.reporters.JUnitXMLReporter -->
<testsuite ignored="10" hostname="DESKTOP-GJJ97QR" failures="0" tests="1" name="Default test" time="4.265" errors="0" timestamp="2024-02-24T13:14:24 IST">
  <testcase classname="com.restassured.RestAssuredClass" name="deleteUserData" time="4.204"/>
  <testcase classname="com.restassured.RestAssuredClass" name="updateUserData" time="0.0">
    <ignored/>
  </testcase> <!-- updateUserData -->
  <testcase classname="com.restassured.RestAssuredClass" name="checkForAvailable" time="0.0">
    <ignored/>
  </testcase> <!-- checkForAvailable -->
  <testcase classname="com.restassured.RestAssuredClass" name="checkForPending" time="0.0">
    <ignored/>
  </testcase> <!-- checkForPending -->
  <testcase classname="com.restassured.RestAssuredClass" name="getUserData" time="0.0">
    <ignored/>
  </testcase> <!-- getUserData -->
  <testcase classname="com.restassured.RestAssuredClass" name="sendUserData" time="0.0">
    <ignored/>
  </testcase> <!-- sendUserData -->
  <testcase classname="com.restassured.RestAssuredClass" name="checkByUsername" time="0.0">
    <ignored/>
  </testcase> <!-- checkByUsername -->
  <testcase classname="com.restassured.RestAssuredClass" name="checkByLogin" time="0.0">
    <ignored/>
  </testcase> <!-- checkByLogin -->
  <testcase classname="com.restassured.RestAssuredClass" name="checkByID" time="0.0">
    <ignored/>
  </testcase> <!-- checkByID -->
  <testcase classname="com.restassured.RestAssuredClass" name="checkLogout" time="0.0">
    <ignored/>
  </testcase> <!-- checkLogout -->
  <testcase classname="com.restassured.RestAssuredClass" name="checkForSold" time="0.0">
    <ignored/>
  </testcase> <!-- checkForSold -->
</testsuite> <!-- Default test -->
