<?xml version="1.0" encoding="UTF-8"?>
<testng-results ignored="10" total="11" passed="1" failed="0" skipped="0">
  <reporter-output>
  </reporter-output>
  <suite started-at="2024-02-24T13:14:20 IST" name="Default suite" finished-at="2024-02-24T13:14:24 IST" duration-ms="4265">
    <groups>
    </groups>
    <test started-at="2024-02-24T13:14:20 IST" name="Default test" finished-at="2024-02-24T13:14:24 IST" duration-ms="4265">
      <class name="com.restassured.RestAssuredClass">
        <test-method signature="deleteUserData()[pri:0, instance:com.restassured.RestAssuredClass@22356acd]" started-at="2024-02-24T13:14:20 IST" name="deleteUserData" finished-at="2024-02-24T13:14:24 IST" duration-ms="4204" status="PASS">
          <reporter-output>
          </reporter-output>
        </test-method> <!-- deleteUserData -->
      </class> <!-- com.restassured.RestAssuredClass -->
    </test> <!-- Default test -->
  </suite> <!-- Default suite -->
</testng-results>
