<?xml version="1.0" encoding="UTF-8"?>
<testng-results ignored="2" total="3" passed="1" failed="0" skipped="0">
  <reporter-output>
  </reporter-output>
  <suite started-at="2024-02-18T12:59:02 IST" name="MyDropDown" finished-at="2024-02-18T12:59:16 IST" duration-ms="13377">
    <groups>
    </groups>
    <test started-at="2024-02-18T12:59:02 IST" name="Test" finished-at="2024-02-18T12:59:16 IST" duration-ms="13377">
      <class name="com.test.TestDropDown">
        <test-method signature="testDropDOwn()[pri:0, instance:com.test.TestDropDown@71809907]" started-at="2024-02-18T12:59:02 IST" name="testDropDOwn" finished-at="2024-02-18T12:59:16 IST" duration-ms="13341" status="PASS">
          <reporter-output>
          </reporter-output>
        </test-method> <!-- testDropDOwn -->
      </class> <!-- com.test.TestDropDown -->
      <class name="com.main.BaseClass">
        <test-method is-config="true" signature="initSutite()[pri:0, instance:com.main.BaseClass@123ef382]" started-at="2024-02-18T12:58:59 IST" name="initSutite" finished-at="2024-02-18T12:59:02 IST" duration-ms="3016" status="PASS">
          <reporter-output>
          </reporter-output>
        </test-method> <!-- initSutite -->
        <test-method is-config="true" signature="killBrowser()[pri:0, instance:com.main.BaseClass@123ef382]" started-at="2024-02-18T12:59:16 IST" name="killBrowser" finished-at="2024-02-18T12:59:16 IST" duration-ms="401" status="PASS">
          <reporter-output>
          </reporter-output>
        </test-method> <!-- killBrowser -->
      </class> <!-- com.main.BaseClass -->
    </test> <!-- Test -->
  </suite> <!-- MyDropDown -->
</testng-results>
