<?xml version="1.0" encoding="UTF-8"?>
<!-- Generated by org.testng.reporters.JUnitXMLReporter -->
<testsuite ignored="2" hostname="DESKTOP-GJJ97QR" failures="0" tests="1" name="Test" time="13.377" errors="0" timestamp="2024-02-18T12:59:16 IST">
  <testcase classname="com.test.TestDropDown" name="testDropDOwn" time="13.341"/>
  <testcase classname="com.main.BaseClass" name="@BeforeSuite initSutite" time="0.0">
    <ignored/>
  </testcase> <!-- @BeforeSuite initSutite -->
  <testcase classname="com.main.BaseClass" name="@AfterSuite killBrowser" time="0.0">
    <ignored/>
  </testcase> <!-- @AfterSuite killBrowser -->
</testsuite> <!-- Test -->
